<?xml version="1.0" encoding="UTF-8" standalone="no"?>
<!DOCTYPE log SYSTEM "logger.dtd">
<log>
<record>
  <date>2021-08-31T21:46:55.594002323Z</date>
  <millis>1630446415594</millis>
  <nanos>2323</nanos>
  <sequence>0</sequence>
  <logger>Elevator Simulation</logger>
  <level>INFO</level>
  <class>com.elevator.design.ElevatorSimulator.Elevators</class>
  <method>run</method>
  <thread>14</thread>
  <message>
*******************</message>
</record>
<record>
  <date>2021-08-31T21:46:55.641439422Z</date>
  <millis>1630446415641</millis>
  <nanos>439422</nanos>
  <sequence>1</sequence>
  <logger>Elevator Simulation</logger>
  <level>INFO</level>
  <class>com.elevator.design.ElevatorSimulator.Elevators</class>
  <method>runElevators</method>
  <thread>14</thread>
  <message>The Elevator A is on floor 0</message>
</record>
<record>
  <date>2021-08-31T21:46:55.642250464Z</date>
  <millis>1630446415642</millis>
  <nanos>250464</nanos>
  <sequence>2</sequence>
  <logger>Elevator Simulation</logger>
  <level>INFO</level>
  <class>com.elevator.design.ElevatorSimulator.Elevators</class>
  <method>runElevators</method>
  <thread>14</thread>
  <message>The Elevator B is on floor 0</message>
</record>
<record>
  <date>2021-08-31T21:47:00.643086526Z</date>
  <millis>1630446420643</millis>
  <nanos>86526</nanos>
  <sequence>3</sequence>
  <logger>Elevator Simulation</logger>
  <level>INFO</level>
  <class>com.elevator.design.ElevatorSimulator.Elevators</class>
  <method>run</method>
  <thread>14</thread>
  <message>
*******************</message>
</record>
<record>
  <date>2021-08-31T21:47:00.646106748Z</date>
  <millis>1630446420646</millis>
  <nanos>106748</nanos>
  <sequence>4</sequence>
  <logger>Elevator Simulation</logger>
  <level>INFO</level>
  <class>com.elevator.design.ElevatorSimulator.Elevators</class>
  <method>runElevators</method>
  <thread>14</thread>
  <message>The Elevator A is on floor 0</message>
</record>
<record>
  <date>2021-08-31T21:47:00.648345246Z</date>
  <millis>1630446420648</millis>
  <nanos>345246</nanos>
  <sequence>5</sequence>
  <logger>Elevator Simulation</logger>
  <level>INFO</level>
  <class>com.elevator.design.ElevatorSimulator.Elevators</class>
  <method>runElevators</method>
  <thread>14</thread>
  <message>The Elevator B is on floor 0</message>
</record>
<record>
  <date>2021-08-31T21:47:05.650566263Z</date>
  <millis>1630446425650</millis>
  <nanos>566263</nanos>
  <sequence>6</sequence>
  <logger>Elevator Simulation</logger>
  <level>INFO</level>
  <class>com.elevator.design.ElevatorSimulator.Elevators</class>
  <method>run</method>
  <thread>14</thread>
  <message>
*******************</message>
</record>
<record>
  <date>2021-08-31T21:47:05.652397207Z</date>
  <millis>1630446425652</millis>
  <nanos>397207</nanos>
  <sequence>7</sequence>
  <logger>Elevator Simulation</logger>
  <level>INFO</level>
  <class>com.elevator.design.ElevatorSimulator.Elevators</class>
  <method>runElevators</method>
  <thread>14</thread>
  <message>The Elevator A is on floor 0</message>
</record>
<record>
  <date>2021-08-31T21:47:05.653682249Z</date>
  <millis>1630446425653</millis>
  <nanos>682249</nanos>
  <sequence>8</sequence>
  <logger>Elevator Simulation</logger>
  <level>INFO</level>
  <class>com.elevator.design.ElevatorSimulator.Elevators</class>
  <method>runElevators</method>
  <thread>14</thread>
  <message>The Elevator B is on floor 0</message>
</record>
</log>
<?xml version="1.0" encoding="UTF-8" standalone="no"?>
<!DOCTYPE log SYSTEM "logger.dtd">
<log>
</log>
<?xml version="1.0" encoding="UTF-8" standalone="no"?>
<!DOCTYPE log SYSTEM "logger.dtd">
<log>
</log>
